# JRE version: OpenJDK Runtime Environment (8.0_242) (build 1.8.0_242-release-1644-b3-6222593)
# Java VM: OpenJDK 64-Bit Server VM (25.242-b3-6222593 mixed mode linux-amd64 compressed oops)
Heap:
 PSYoungGen      total 452096K, used 153324K [0x00000000d5580000, 0x00000000fc300000, 0x0000000100000000)
  eden space 426496K, 29% used [0x00000000d5580000,0x00000000dd240728,0x00000000ef600000)
  from space 25600K, 99% used [0x00000000ef600000,0x00000000f0efa948,0x00000000f0f00000)
  to   space 33792K, 0% used [0x00000000fa200000,0x00000000fa200000,0x00000000fc300000)
 ParOldGen       total 410112K, used 44921K [0x0000000080000000, 0x0000000099080000, 0x00000000d5580000)
  object space 410112K, 10% used [0x0000000080000000,0x0000000082bde458,0x0000000099080000)
 Metaspace       used 74032K, capacity 77638K, committed 77848K, reserved 1116160K
  class space    used 10035K, capacity 10721K, committed 10784K, reserved 1048576K
GC Heap History (10 events):
Event: 6,033 GC heap before
{Heap before GC invocations=8 (full 2):
 PSYoungGen      total 204800K, used 197544K [0x00000000d5580000, 0x00000000e6280000, 0x0000000100000000)
  eden space 183808K, 100% used [0x00000000d5580000,0x00000000e0900000,0x00000000e0900000)
  from space 20992K, 65% used [0x00000000e0900000,0x00000000e166a368,0x00000000e1d80000)
  to   space 15872K, 0% used [0x00000000e5300000,0x00000000e5300000,0x00000000e6280000)
 ParOldGen       total 343552K, used 15772K [0x0000000080000000, 0x0000000094f80000, 0x00000000d5580000)
  object space 343552K, 4% used [0x0000000080000000,0x0000000080f672e8,0x0000000094f80000)
 Metaspace       used 56694K, capacity 58958K, committed 59160K, reserved 1099776K
  class space    used 7678K, capacity 8133K, committed 8224K, reserved 1048576K
Event: 6,072 GC heap after
Heap after GC invocations=8 (full 2):
 PSYoungGen      total 251392K, used 15868K [0x00000000d5580000, 0x00000000e7980000, 0x0000000100000000)
  eden space 235520K, 0% used [0x00000000d5580000,0x00000000d5580000,0x00000000e3b80000)
  from space 15872K, 99% used [0x00000000e5300000,0x00000000e627f320,0x00000000e6280000)
  to   space 24064K, 0% used [0x00000000e3b80000,0x00000000e3b80000,0x00000000e5300000)
 ParOldGen       total 343552K, used 27253K [0x0000000080000000, 0x0000000094f80000, 0x00000000d5580000)
  object space 343552K, 7% used [0x0000000080000000,0x0000000081a9d540,0x0000000094f80000)
 Metaspace       used 56694K, capacity 58958K, committed 59160K, reserved 1099776K
  class space    used 7678K, capacity 8133K, committed 8224K, reserved 1048576K
}
Event: 6,092 GC heap before
{Heap before GC invocations=9 (full 2):
 PSYoungGen      total 251392K, used 25311K [0x00000000d5580000, 0x00000000e7980000, 0x0000000100000000)
  eden space 235520K, 4% used [0x00000000d5580000,0x00000000d5eb8b08,0x00000000e3b80000)
  from space 15872K, 99% used [0x00000000e5300000,0x00000000e627f320,0x00000000e6280000)
  to   space 24064K, 0% used [0x00000000e3b80000,0x00000000e3b80000,0x00000000e5300000)
 ParOldGen       total 343552K, used 27253K [0x0000000080000000, 0x0000000094f80000, 0x00000000d5580000)
  object space 343552K, 7% used [0x0000000080000000,0x0000000081a9d540,0x0000000094f80000)
 Metaspace       used 56818K, capacity 59054K, committed 59160K, reserved 1099776K
  class space    used 7701K, capacity 8165K, committed 8224K, reserved 1048576K
Event: 6,119 GC heap after
Heap after GC invocations=9 (full 2):
 PSYoungGen      total 259584K, used 16149K [0x00000000d5580000, 0x00000000f2980000, 0x0000000100000000)
  eden space 235520K, 0% used [0x00000000d5580000,0x00000000d5580000,0x00000000e3b80000)
  from space 24064K, 67% used [0x00000000e3b80000,0x00000000e4b456f8,0x00000000e5300000)
  to   space 23552K, 0% used [0x00000000f1280000,0x00000000f1280000,0x00000000f2980000)
 ParOldGen       total 343552K, used 27261K [0x0000000080000000, 0x0000000094f80000, 0x00000000d5580000)
  object space 343552K, 7% used [0x0000000080000000,0x0000000081a9f540,0x0000000094f80000)
 Metaspace       used 56818K, capacity 59054K, committed 59160K, reserved 1099776K
  class space    used 7701K, capacity 8165K, committed 8224K, reserved 1048576K
}
Event: 6,119 GC heap before
{Heap before GC invocations=10 (full 3):
 PSYoungGen      total 259584K, used 16149K [0x00000000d5580000, 0x00000000f2980000, 0x0000000100000000)
  eden space 235520K, 0% used [0x00000000d5580000,0x00000000d5580000,0x00000000e3b80000)
  from space 24064K, 67% used [0x00000000e3b80000,0x00000000e4b456f8,0x00000000e5300000)
  to   space 23552K, 0% used [0x00000000f1280000,0x00000000f1280000,0x00000000f2980000)
 ParOldGen       total 343552K, used 27261K [0x0000000080000000, 0x0000000094f80000, 0x00000000d5580000)
  object space 343552K, 7% used [0x0000000080000000,0x0000000081a9f540,0x0000000094f80000)
 Metaspace       used 56818K, capacity 59054K, committed 59160K, reserved 1099776K
  class space    used 7701K, capacity 8165K, committed 8224K, reserved 1048576K
Event: 6,349 GC heap after
Heap after GC invocations=10 (full 3):
 PSYoungGen      total 259584K, used 0K [0x00000000d5580000, 0x00000000f2980000, 0x0000000100000000)
  eden space 235520K, 0% used [0x00000000d5580000,0x00000000d5580000,0x00000000e3b80000)
  from space 24064K, 0% used [0x00000000e3b80000,0x00000000e3b80000,0x00000000e5300000)
  to   space 23552K, 0% used [0x00000000f1280000,0x00000000f1280000,0x00000000f2980000)
 ParOldGen       total 410112K, used 31071K [0x0000000080000000, 0x0000000099080000, 0x00000000d5580000)
  object space 410112K, 7% used [0x0000000080000000,0x0000000081e57c68,0x0000000099080000)
 Metaspace       used 56788K, capacity 58952K, committed 59160K, reserved 1099776K
  class space    used 7692K, capacity 8148K, committed 8224K, reserved 1048576K
}
Event: 8,273 GC heap before
{Heap before GC invocations=11 (full 3):
 PSYoungGen      total 259584K, used 235520K [0x00000000d5580000, 0x00000000f2980000, 0x0000000100000000)
  eden space 235520K, 100% used [0x00000000d5580000,0x00000000e3b80000,0x00000000e3b80000)
  from space 24064K, 0% used [0x00000000e3b80000,0x00000000e3b80000,0x00000000e5300000)
  to   space 23552K, 0% used [0x00000000f1280000,0x00000000f1280000,0x00000000f2980000)
 ParOldGen       total 410112K, used 31071K [0x0000000080000000, 0x0000000099080000, 0x00000000d5580000)
  object space 410112K, 7% used [0x0000000080000000,0x0000000081e57c68,0x0000000099080000)
 Metaspace       used 66560K, capacity 69806K, committed 70040K, reserved 1110016K
  class space    used 9163K, capacity 9779K, committed 9888K, reserved 1048576K
Event: 8,291 GC heap after
Heap after GC invocations=11 (full 3):
 PSYoungGen      total 427520K, used 21838K [0x00000000d5580000, 0x00000000f2800000, 0x0000000100000000)
  eden space 405504K, 0% used [0x00000000d5580000,0x00000000d5580000,0x00000000ee180000)
  from space 22016K, 99% used [0x00000000f1280000,0x00000000f27d3a48,0x00000000f2800000)
  to   space 25600K, 0% used [0x00000000ef600000,0x00000000ef600000,0x00000000f0f00000)
 ParOldGen       total 410112K, used 31079K [0x0000000080000000, 0x0000000099080000, 0x00000000d5580000)
  object space 410112K, 7% used [0x0000000080000000,0x0000000081e59c68,0x0000000099080000)
 Metaspace       used 66560K, capacity 69806K, committed 70040K, reserved 1110016K
  class space    used 9163K, capacity 9779K, committed 9888K, reserved 1048576K
}
Event: 10,557 GC heap before
{Heap before GC invocations=12 (full 3):
 PSYoungGen      total 427520K, used 427342K [0x00000000d5580000, 0x00000000f2800000, 0x0000000100000000)
  eden space 405504K, 100% used [0x00000000d5580000,0x00000000ee180000,0x00000000ee180000)
  from space 22016K, 99% used [0x00000000f1280000,0x00000000f27d3a48,0x00000000f2800000)
  to   space 25600K, 0% used [0x00000000ef600000,0x00000000ef600000,0x00000000f0f00000)
 ParOldGen       total 410112K, used 31079K [0x0000000080000000, 0x0000000099080000, 0x00000000d5580000)
  object space 410112K, 7% used [0x0000000080000000,0x0000000081e59c68,0x0000000099080000)
 Metaspace       used 72920K, capacity 76390K, committed 76696K, reserved 1116160K
  class space    used 9934K, capacity 10563K, committed 10656K, reserved 1048576K
Event: 10,591 GC heap after
Heap after GC invocations=12 (full 3):
 PSYoungGen      total 452096K, used 25578K [0x00000000d5580000, 0x00000000fc300000, 0x0000000100000000)
  eden space 426496K, 0% used [0x00000000d5580000,0x00000000d5580000,0x00000000ef600000)
  from space 25600K, 99% used [0x00000000ef600000,0x00000000f0efa948,0x00000000f0f00000)
  to   space 33792K, 0% used [0x00000000fa200000,0x00000000fa200000,0x00000000fc300000)
 ParOldGen       total 410112K, used 44921K [0x0000000080000000, 0x0000000099080000, 0x00000000d5580000)
  object space 410112K, 10% used [0x0000000080000000,0x0000000082bde458,0x0000000099080000)
 Metaspace       used 72920K, capacity 76390K, committed 76696K, reserved 1116160K
  class space    used 9934K, capacity 10563K, committed 10656K, reserved 1048576K
}

