# JRE version: OpenJDK Runtime Environment (8.0_242) (build 1.8.0_242-release-1644-b3-6222593)
# Java VM: OpenJDK 64-Bit Server VM (25.242-b3-6222593 mixed mode linux-amd64 compressed oops)
Heap:
 PSYoungGen      total 481280K, used 418675K [0x00000000d5580000, 0x00000000f6580000, 0x0000000100000000)
  eden space 433152K, 86% used [0x00000000d5580000,0x00000000ec3a72d0,0x00000000efc80000)
  from space 48128K, 90% used [0x00000000f3400000,0x00000000f5eb5b40,0x00000000f6300000)
  to   space 53760K, 0% used [0x00000000efc80000,0x00000000efc80000,0x00000000f3100000)
 ParOldGen       total 726016K, used 64907K [0x0000000080000000, 0x00000000ac500000, 0x00000000d5580000)
  object space 726016K, 8% used [0x0000000080000000,0x0000000083f62ff8,0x00000000ac500000)
 Metaspace       used 127760K, capacity 138562K, committed 138904K, reserved 1169408K
  class space    used 16568K, capacity 18473K, committed 18584K, reserved 1048576K
GC Heap History (10 events):
Event: 15303,052 GC heap before
{Heap before GC invocations=37 (full 7):
 PSYoungGen      total 489472K, used 480768K [0x00000000d5580000, 0x00000000f7100000, 0x0000000100000000)
  eden space 480768K, 100% used [0x00000000d5580000,0x00000000f2b00000,0x00000000f2b00000)
  from space 8704K, 0% used [0x00000000f2b00000,0x00000000f2b00000,0x00000000f3380000)
  to   space 35840K, 0% used [0x00000000f4e00000,0x00000000f4e00000,0x00000000f7100000)
 ParOldGen       total 726016K, used 61393K [0x0000000080000000, 0x00000000ac500000, 0x00000000d5580000)
  object space 726016K, 8% used [0x0000000080000000,0x0000000083bf45c0,0x00000000ac500000)
 Metaspace       used 106864K, capacity 115516K, committed 115736K, reserved 1148928K
  class space    used 13884K, capacity 15283K, committed 15384K, reserved 1048576K
Event: 15303,064 GC heap after
Heap after GC invocations=37 (full 7):
 PSYoungGen      total 495104K, used 10256K [0x00000000d5580000, 0x00000000f6600000, 0x0000000100000000)
  eden space 470528K, 0% used [0x00000000d5580000,0x00000000d5580000,0x00000000f2100000)
  from space 24576K, 41% used [0x00000000f4e00000,0x00000000f5804020,0x00000000f6600000)
  to   space 35328K, 0% used [0x00000000f2100000,0x00000000f2100000,0x00000000f4380000)
 ParOldGen       total 726016K, used 61401K [0x0000000080000000, 0x00000000ac500000, 0x00000000d5580000)
  object space 726016K, 8% used [0x0000000080000000,0x0000000083bf65c0,0x00000000ac500000)
 Metaspace       used 106864K, capacity 115516K, committed 115736K, reserved 1148928K
  class space    used 13884K, capacity 15283K, committed 15384K, reserved 1048576K
}
Event: 15352,688 GC heap before
{Heap before GC invocations=38 (full 7):
 PSYoungGen      total 495104K, used 480784K [0x00000000d5580000, 0x00000000f6600000, 0x0000000100000000)
  eden space 470528K, 100% used [0x00000000d5580000,0x00000000f2100000,0x00000000f2100000)
  from space 24576K, 41% used [0x00000000f4e00000,0x00000000f5804020,0x00000000f6600000)
  to   space 35328K, 0% used [0x00000000f2100000,0x00000000f2100000,0x00000000f4380000)
 ParOldGen       total 726016K, used 61401K [0x0000000080000000, 0x00000000ac500000, 0x00000000d5580000)
  object space 726016K, 8% used [0x0000000080000000,0x0000000083bf65c0,0x00000000ac500000)
 Metaspace       used 120567K, capacity 130140K, committed 130200K, reserved 1163264K
  class space    used 15678K, capacity 17249K, committed 17304K, reserved 1048576K
Event: 15352,709 GC heap after
Heap after GC invocations=38 (full 7):
 PSYoungGen      total 496128K, used 35320K [0x00000000d5580000, 0x00000000f6680000, 0x0000000100000000)
  eden space 460800K, 0% used [0x00000000d5580000,0x00000000d5580000,0x00000000f1780000)
  from space 35328K, 99% used [0x00000000f2100000,0x00000000f437e3e8,0x00000000f4380000)
  to   space 35840K, 0% used [0x00000000f4380000,0x00000000f4380000,0x00000000f6680000)
 ParOldGen       total 726016K, used 61706K [0x0000000080000000, 0x00000000ac500000, 0x00000000d5580000)
  object space 726016K, 8% used [0x0000000080000000,0x0000000083c429f0,0x00000000ac500000)
 Metaspace       used 120567K, capacity 130140K, committed 130200K, reserved 1163264K
  class space    used 15678K, capacity 17249K, committed 17304K, reserved 1048576K
}
Event: 15699,594 GC heap before
{Heap before GC invocations=39 (full 7):
 PSYoungGen      total 496128K, used 496120K [0x00000000d5580000, 0x00000000f6680000, 0x0000000100000000)
  eden space 460800K, 100% used [0x00000000d5580000,0x00000000f1780000,0x00000000f1780000)
  from space 35328K, 99% used [0x00000000f2100000,0x00000000f437e3e8,0x00000000f4380000)
  to   space 35840K, 0% used [0x00000000f4380000,0x00000000f4380000,0x00000000f6680000)
 ParOldGen       total 726016K, used 61706K [0x0000000080000000, 0x00000000ac500000, 0x00000000d5580000)
  object space 726016K, 8% used [0x0000000080000000,0x0000000083c429f0,0x00000000ac500000)
 Metaspace       used 124012K, capacity 134386K, committed 134424K, reserved 1165312K
  class space    used 16181K, capacity 17908K, committed 17944K, reserved 1048576K
Event: 15699,616 GC heap after
Heap after GC invocations=39 (full 7):
 PSYoungGen      total 486912K, used 35814K [0x00000000d5580000, 0x00000000f6800000, 0x0000000100000000)
  eden space 451072K, 0% used [0x00000000d5580000,0x00000000d5580000,0x00000000f0e00000)
  from space 35840K, 99% used [0x00000000f4380000,0x00000000f66798d8,0x00000000f6680000)
  to   space 46080K, 0% used [0x00000000f0e00000,0x00000000f0e00000,0x00000000f3b00000)
 ParOldGen       total 726016K, used 64891K [0x0000000080000000, 0x00000000ac500000, 0x00000000d5580000)
  object space 726016K, 8% used [0x0000000080000000,0x0000000083f5eff8,0x00000000ac500000)
 Metaspace       used 124012K, capacity 134386K, committed 134424K, reserved 1165312K
  class space    used 16181K, capacity 17908K, committed 17944K, reserved 1048576K
}
Event: 15849,340 GC heap before
{Heap before GC invocations=40 (full 7):
 PSYoungGen      total 486912K, used 486886K [0x00000000d5580000, 0x00000000f6800000, 0x0000000100000000)
  eden space 451072K, 100% used [0x00000000d5580000,0x00000000f0e00000,0x00000000f0e00000)
  from space 35840K, 99% used [0x00000000f4380000,0x00000000f66798d8,0x00000000f6680000)
  to   space 46080K, 0% used [0x00000000f0e00000,0x00000000f0e00000,0x00000000f3b00000)
 ParOldGen       total 726016K, used 64891K [0x0000000080000000, 0x00000000ac500000, 0x00000000d5580000)
  object space 726016K, 8% used [0x0000000080000000,0x0000000083f5eff8,0x00000000ac500000)
 Metaspace       used 124650K, capacity 135122K, committed 135320K, reserved 1167360K
  class space    used 16249K, capacity 17998K, committed 18072K, reserved 1048576K
Event: 15849,359 GC heap after
Heap after GC invocations=40 (full 7):
 PSYoungGen      total 474112K, used 32192K [0x00000000d5580000, 0x00000000f6300000, 0x0000000100000000)
  eden space 441856K, 0% used [0x00000000d5580000,0x00000000d5580000,0x00000000f0500000)
  from space 32256K, 99% used [0x00000000f0e00000,0x00000000f2d70380,0x00000000f2d80000)
  to   space 48128K, 0% used [0x00000000f3400000,0x00000000f3400000,0x00000000f6300000)
 ParOldGen       total 726016K, used 64899K [0x0000000080000000, 0x00000000ac500000, 0x00000000d5580000)
  object space 726016K, 8% used [0x0000000080000000,0x0000000083f60ff8,0x00000000ac500000)
 Metaspace       used 124650K, capacity 135122K, committed 135320K, reserved 1167360K
  class space    used 16249K, capacity 17998K, committed 18072K, reserved 1048576K
}
Event: 16123,925 GC heap before
{Heap before GC invocations=41 (full 7):
 PSYoungGen      total 474112K, used 474048K [0x00000000d5580000, 0x00000000f6300000, 0x0000000100000000)
  eden space 441856K, 100% used [0x00000000d5580000,0x00000000f0500000,0x00000000f0500000)
  from space 32256K, 99% used [0x00000000f0e00000,0x00000000f2d70380,0x00000000f2d80000)
  to   space 48128K, 0% used [0x00000000f3400000,0x00000000f3400000,0x00000000f6300000)
 ParOldGen       total 726016K, used 64899K [0x0000000080000000, 0x00000000ac500000, 0x00000000d5580000)
  object space 726016K, 8% used [0x0000000080000000,0x0000000083f60ff8,0x00000000ac500000)
 Metaspace       used 127556K, capacity 138360K, committed 138520K, reserved 1169408K
  class space    used 16561K, capacity 18434K, committed 18456K, reserved 1048576K
Event: 16123,961 GC heap after
Heap after GC invocations=41 (full 7):
 PSYoungGen      total 481280K, used 43734K [0x00000000d5580000, 0x00000000f6580000, 0x0000000100000000)
  eden space 433152K, 0% used [0x00000000d5580000,0x00000000d5580000,0x00000000efc80000)
  from space 48128K, 90% used [0x00000000f3400000,0x00000000f5eb5b40,0x00000000f6300000)
  to   space 53760K, 0% used [0x00000000efc80000,0x00000000efc80000,0x00000000f3100000)
 ParOldGen       total 726016K, used 64907K [0x0000000080000000, 0x00000000ac500000, 0x00000000d5580000)
  object space 726016K, 8% used [0x0000000080000000,0x0000000083f62ff8,0x00000000ac500000)
 Metaspace       used 127556K, capacity 138360K, committed 138520K, reserved 1169408K
  class space    used 16561K, capacity 18434K, committed 18456K, reserved 1048576K
}

